CRITICAL - 2020-06-01 02:21:10 --> Invalid file: {0}
#0 C:\xampp\htdocs\gym\system\View\View.php(228): CodeIgniter\Exceptions\FrameworkException::forInvalidFile('gym/Edit.php')
#1 C:\xampp\htdocs\gym\system\Common.php(1087): CodeIgniter\View\View->render('gym/Edit', Array, true)
#2 C:\xampp\htdocs\gym\app\Controllers\gym\editnvController.php(15): view('gym/Edit')
#3 C:\xampp\htdocs\gym\system\CodeIgniter.php(914): App\Controllers\GYM\editnvController->EditNhanVien()
#4 C:\xampp\htdocs\gym\system\CodeIgniter.php(400): CodeIgniter\CodeIgniter->runController(Object(App\Controllers\GYM\editnvController))
#5 C:\xampp\htdocs\gym\system\CodeIgniter.php(308): CodeIgniter\CodeIgniter->handleRequest(NULL, Object(Config\Cache), false)
#6 C:\xampp\htdocs\gym\public\index.php(45): CodeIgniter\CodeIgniter->run()
#7 {main}
CRITICAL - 2020-06-01 02:22:32 --> Invalid file: {0}
#0 C:\xampp\htdocs\gym\system\View\View.php(228): CodeIgniter\Exceptions\FrameworkException::forInvalidFile('gym/Edit.php')
#1 C:\xampp\htdocs\gym\system\Common.php(1087): CodeIgniter\View\View->render('gym/Edit', Array, true)
#2 C:\xampp\htdocs\gym\app\Controllers\gym\editnvController.php(15): view('gym/Edit')
#3 C:\xampp\htdocs\gym\system\CodeIgniter.php(914): App\Controllers\GYM\editnvController->EditNhanVien()
#4 C:\xampp\htdocs\gym\system\CodeIgniter.php(400): CodeIgniter\CodeIgniter->runController(Object(App\Controllers\GYM\editnvController))
#5 C:\xampp\htdocs\gym\system\CodeIgniter.php(308): CodeIgniter\CodeIgniter->handleRequest(NULL, Object(Config\Cache), false)
#6 C:\xampp\htdocs\gym\public\index.php(45): CodeIgniter\CodeIgniter->run()
#7 {main}
CRITICAL - 2020-06-01 02:22:36 --> Invalid file: {0}
#0 C:\xampp\htdocs\gym\system\View\View.php(228): CodeIgniter\Exceptions\FrameworkException::forInvalidFile('gym/Edit.php')
#1 C:\xampp\htdocs\gym\system\Common.php(1087): CodeIgniter\View\View->render('gym/Edit', Array, true)
#2 C:\xampp\htdocs\gym\app\Controllers\gym\editnvController.php(15): view('gym/Edit')
#3 C:\xampp\htdocs\gym\system\CodeIgniter.php(914): App\Controllers\GYM\editnvController->EditNhanVien()
#4 C:\xampp\htdocs\gym\system\CodeIgniter.php(400): CodeIgniter\CodeIgniter->runController(Object(App\Controllers\GYM\editnvController))
#5 C:\xampp\htdocs\gym\system\CodeIgniter.php(308): CodeIgniter\CodeIgniter->handleRequest(NULL, Object(Config\Cache), false)
#6 C:\xampp\htdocs\gym\public\index.php(45): CodeIgniter\CodeIgniter->run()
#7 {main}
